<?xml version="1.0" encoding="UTF-8"?>
<testng-results ignored="0" total="1" passed="1" failed="0" skipped="0">
  <reporter-output>
  </reporter-output>
  <suite started-at="2026-05-12T11:37:01 IST" name="Default suite" finished-at="2026-05-12T11:37:01 IST" duration-ms="69">
    <groups>
    </groups>
    <test started-at="2026-05-12T11:37:01 IST" name="Default test" finished-at="2026-05-12T11:37:01 IST" duration-ms="69">
      <class name="org.orgg.TestTest">
        <test-method signature="sample()[pri:0, instance:org.orgg.TestTest@40ef3420]" started-at="2026-05-12T11:37:01 IST" name="sample" finished-at="2026-05-12T11:37:01 IST" duration-ms="16" status="PASS">
          <reporter-output>
          </reporter-output>
        </test-method> <!-- sample -->
      </class> <!-- org.orgg.TestTest -->
    </test> <!-- Default test -->
  </suite> <!-- Default suite -->
</testng-results>
